2021-09-14 12:26:44,343 - CPUUtilization.Percent:0.0|#Level:Host|#hostname:venkatesh-MS-7A15,timestamp:1631602604
2021-09-14 12:26:44,343 - DiskAvailable.Gigabytes:7.568622589111328|#Level:Host|#hostname:venkatesh-MS-7A15,timestamp:1631602604
2021-09-14 12:26:44,343 - DiskUsage.Gigabytes:95.89154434204102|#Level:Host|#hostname:venkatesh-MS-7A15,timestamp:1631602604
2021-09-14 12:26:44,343 - DiskUtilization.Percent:92.7|#Level:Host|#hostname:venkatesh-MS-7A15,timestamp:1631602604
2021-09-14 12:26:44,344 - MemoryAvailable.Megabytes:12413.4609375|#Level:Host|#hostname:venkatesh-MS-7A15,timestamp:1631602604
2021-09-14 12:26:44,344 - MemoryUsed.Megabytes:2801.375|#Level:Host|#hostname:venkatesh-MS-7A15,timestamp:1631602604
2021-09-14 12:26:44,344 - MemoryUtilization.Percent:22.3|#Level:Host|#hostname:venkatesh-MS-7A15,timestamp:1631602604
2021-09-14 12:26:52,174 - W-9000-yolov5m_1.0.ms:8102|#Level:Host|#hostname:venkatesh-MS-7A15,timestamp:1631602612
2021-09-14 12:26:52,175 - WorkerThreadTime.ms:19|#Level:Host|#hostname:venkatesh-MS-7A15,timestamp:null
2021-09-14 12:27:44,384 - CPUUtilization.Percent:100.0|#Level:Host|#hostname:venkatesh-MS-7A15,timestamp:1631602664
2021-09-14 12:27:44,384 - DiskAvailable.Gigabytes:7.563251495361328|#Level:Host|#hostname:venkatesh-MS-7A15,timestamp:1631602664
2021-09-14 12:27:44,384 - DiskUsage.Gigabytes:95.89691543579102|#Level:Host|#hostname:venkatesh-MS-7A15,timestamp:1631602664
2021-09-14 12:27:44,384 - DiskUtilization.Percent:92.7|#Level:Host|#hostname:venkatesh-MS-7A15,timestamp:1631602664
2021-09-14 12:27:44,384 - MemoryAvailable.Megabytes:10077.00390625|#Level:Host|#hostname:venkatesh-MS-7A15,timestamp:1631602664
2021-09-14 12:27:44,384 - MemoryUsed.Megabytes:5092.859375|#Level:Host|#hostname:venkatesh-MS-7A15,timestamp:1631602664
2021-09-14 12:27:44,385 - MemoryUtilization.Percent:36.9|#Level:Host|#hostname:venkatesh-MS-7A15,timestamp:1631602664
2021-09-14 12:28:07,788 - Requests4XX.Count:1|#Level:Host|#hostname:venkatesh-MS-7A15,timestamp:null
2021-09-14 12:28:44,365 - CPUUtilization.Percent:0.0|#Level:Host|#hostname:venkatesh-MS-7A15,timestamp:1631602724
2021-09-14 12:28:44,366 - DiskAvailable.Gigabytes:7.414241790771484|#Level:Host|#hostname:venkatesh-MS-7A15,timestamp:1631602724
2021-09-14 12:28:44,366 - DiskUsage.Gigabytes:96.04592514038086|#Level:Host|#hostname:venkatesh-MS-7A15,timestamp:1631602724
2021-09-14 12:28:44,366 - DiskUtilization.Percent:92.8|#Level:Host|#hostname:venkatesh-MS-7A15,timestamp:1631602724
2021-09-14 12:28:44,366 - MemoryAvailable.Megabytes:9950.09765625|#Level:Host|#hostname:venkatesh-MS-7A15,timestamp:1631602724
2021-09-14 12:28:44,366 - MemoryUsed.Megabytes:5231.10546875|#Level:Host|#hostname:venkatesh-MS-7A15,timestamp:1631602724
2021-09-14 12:28:44,366 - MemoryUtilization.Percent:37.7|#Level:Host|#hostname:venkatesh-MS-7A15,timestamp:1631602724
2021-09-14 12:29:26,196 - Requests5XX.Count:1|#Level:Host|#hostname:venkatesh-MS-7A15,timestamp:null
2021-09-14 12:29:26,197 - WorkerThreadTime.ms:2|#Level:Host|#hostname:venkatesh-MS-7A15,timestamp:null
2021-09-14 12:29:36,769 - Requests5XX.Count:1|#Level:Host|#hostname:venkatesh-MS-7A15,timestamp:null
2021-09-14 12:29:36,769 - WorkerThreadTime.ms:1|#Level:Host|#hostname:venkatesh-MS-7A15,timestamp:null
2021-09-14 12:29:44,342 - CPUUtilization.Percent:0.0|#Level:Host|#hostname:venkatesh-MS-7A15,timestamp:1631602784
2021-09-14 12:29:44,343 - DiskAvailable.Gigabytes:7.386146545410156|#Level:Host|#hostname:venkatesh-MS-7A15,timestamp:1631602784
2021-09-14 12:29:44,343 - DiskUsage.Gigabytes:96.07402038574219|#Level:Host|#hostname:venkatesh-MS-7A15,timestamp:1631602784
2021-09-14 12:29:44,343 - DiskUtilization.Percent:92.9|#Level:Host|#hostname:venkatesh-MS-7A15,timestamp:1631602784
2021-09-14 12:29:44,343 - MemoryAvailable.Megabytes:9916.03515625|#Level:Host|#hostname:venkatesh-MS-7A15,timestamp:1631602784
2021-09-14 12:29:44,343 - MemoryUsed.Megabytes:5269.0625|#Level:Host|#hostname:venkatesh-MS-7A15,timestamp:1631602784
2021-09-14 12:29:44,343 - MemoryUtilization.Percent:37.9|#Level:Host|#hostname:venkatesh-MS-7A15,timestamp:1631602784
2021-09-14 12:29:50,840 - Requests5XX.Count:1|#Level:Host|#hostname:venkatesh-MS-7A15,timestamp:null
2021-09-14 12:29:50,840 - WorkerThreadTime.ms:1|#Level:Host|#hostname:venkatesh-MS-7A15,timestamp:null
2021-09-14 12:30:16,797 - Requests5XX.Count:1|#Level:Host|#hostname:venkatesh-MS-7A15,timestamp:null
2021-09-14 12:30:16,798 - WorkerThreadTime.ms:1|#Level:Host|#hostname:venkatesh-MS-7A15,timestamp:null
2021-09-14 12:30:44,342 - CPUUtilization.Percent:0.0|#Level:Host|#hostname:venkatesh-MS-7A15,timestamp:1631602844
2021-09-14 12:30:44,342 - DiskAvailable.Gigabytes:7.3826751708984375|#Level:Host|#hostname:venkatesh-MS-7A15,timestamp:1631602844
2021-09-14 12:30:44,342 - DiskUsage.Gigabytes:96.0774917602539|#Level:Host|#hostname:venkatesh-MS-7A15,timestamp:1631602844
2021-09-14 12:30:44,342 - DiskUtilization.Percent:92.9|#Level:Host|#hostname:venkatesh-MS-7A15,timestamp:1631602844
2021-09-14 12:30:44,342 - MemoryAvailable.Megabytes:9844.96484375|#Level:Host|#hostname:venkatesh-MS-7A15,timestamp:1631602844
2021-09-14 12:30:44,342 - MemoryUsed.Megabytes:5340.3125|#Level:Host|#hostname:venkatesh-MS-7A15,timestamp:1631602844
2021-09-14 12:30:44,342 - MemoryUtilization.Percent:38.4|#Level:Host|#hostname:venkatesh-MS-7A15,timestamp:1631602844
2021-09-14 12:31:44,375 - CPUUtilization.Percent:0.0|#Level:Host|#hostname:venkatesh-MS-7A15,timestamp:1631602904
2021-09-14 12:31:44,376 - DiskAvailable.Gigabytes:7.386257171630859|#Level:Host|#hostname:venkatesh-MS-7A15,timestamp:1631602904
2021-09-14 12:31:44,376 - DiskUsage.Gigabytes:96.07390975952148|#Level:Host|#hostname:venkatesh-MS-7A15,timestamp:1631602904
2021-09-14 12:31:44,376 - DiskUtilization.Percent:92.9|#Level:Host|#hostname:venkatesh-MS-7A15,timestamp:1631602904
2021-09-14 12:31:44,376 - MemoryAvailable.Megabytes:9909.3359375|#Level:Host|#hostname:venkatesh-MS-7A15,timestamp:1631602904
2021-09-14 12:31:44,376 - MemoryUsed.Megabytes:5349.765625|#Level:Host|#hostname:venkatesh-MS-7A15,timestamp:1631602904
2021-09-14 12:31:44,376 - MemoryUtilization.Percent:38.0|#Level:Host|#hostname:venkatesh-MS-7A15,timestamp:1631602904
2021-09-14 12:31:53,095 - Requests5XX.Count:1|#Level:Host|#hostname:venkatesh-MS-7A15,timestamp:null
2021-09-14 12:32:01,565 - Requests5XX.Count:1|#Level:Host|#hostname:venkatesh-MS-7A15,timestamp:null
2021-09-14 12:32:03,360 - Requests5XX.Count:1|#Level:Host|#hostname:venkatesh-MS-7A15,timestamp:null
2021-09-14 12:32:19,354 - Requests5XX.Count:1|#Level:Host|#hostname:venkatesh-MS-7A15,timestamp:null
2021-09-14 12:32:19,354 - WorkerThreadTime.ms:2|#Level:Host|#hostname:venkatesh-MS-7A15,timestamp:null
2021-09-14 12:32:44,372 - CPUUtilization.Percent:0.0|#Level:Host|#hostname:venkatesh-MS-7A15,timestamp:1631602964
2021-09-14 12:32:44,372 - DiskAvailable.Gigabytes:7.385097503662109|#Level:Host|#hostname:venkatesh-MS-7A15,timestamp:1631602964
2021-09-14 12:32:44,372 - DiskUsage.Gigabytes:96.07506942749023|#Level:Host|#hostname:venkatesh-MS-7A15,timestamp:1631602964
2021-09-14 12:32:44,372 - DiskUtilization.Percent:92.9|#Level:Host|#hostname:venkatesh-MS-7A15,timestamp:1631602964
2021-09-14 12:32:44,372 - MemoryAvailable.Megabytes:9832.20703125|#Level:Host|#hostname:venkatesh-MS-7A15,timestamp:1631602964
2021-09-14 12:32:44,372 - MemoryUsed.Megabytes:5429.78125|#Level:Host|#hostname:venkatesh-MS-7A15,timestamp:1631602964
2021-09-14 12:32:44,373 - MemoryUtilization.Percent:38.5|#Level:Host|#hostname:venkatesh-MS-7A15,timestamp:1631602964
2021-09-14 12:33:44,382 - CPUUtilization.Percent:0.0|#Level:Host|#hostname:venkatesh-MS-7A15,timestamp:1631603024
2021-09-14 12:33:44,382 - DiskAvailable.Gigabytes:7.383609771728516|#Level:Host|#hostname:venkatesh-MS-7A15,timestamp:1631603024
2021-09-14 12:33:44,382 - DiskUsage.Gigabytes:96.07655715942383|#Level:Host|#hostname:venkatesh-MS-7A15,timestamp:1631603024
2021-09-14 12:33:44,382 - DiskUtilization.Percent:92.9|#Level:Host|#hostname:venkatesh-MS-7A15,timestamp:1631603024
2021-09-14 12:33:44,382 - MemoryAvailable.Megabytes:9685.640625|#Level:Host|#hostname:venkatesh-MS-7A15,timestamp:1631603024
2021-09-14 12:33:44,382 - MemoryUsed.Megabytes:5544.55859375|#Level:Host|#hostname:venkatesh-MS-7A15,timestamp:1631603024
2021-09-14 12:33:44,382 - MemoryUtilization.Percent:39.4|#Level:Host|#hostname:venkatesh-MS-7A15,timestamp:1631603024
2021-09-14 12:34:44,341 - CPUUtilization.Percent:0.0|#Level:Host|#hostname:venkatesh-MS-7A15,timestamp:1631603084
2021-09-14 12:34:44,341 - DiskAvailable.Gigabytes:7.388587951660156|#Level:Host|#hostname:venkatesh-MS-7A15,timestamp:1631603084
2021-09-14 12:34:44,341 - DiskUsage.Gigabytes:96.07157897949219|#Level:Host|#hostname:venkatesh-MS-7A15,timestamp:1631603084
2021-09-14 12:34:44,341 - DiskUtilization.Percent:92.9|#Level:Host|#hostname:venkatesh-MS-7A15,timestamp:1631603084
2021-09-14 12:34:44,341 - MemoryAvailable.Megabytes:9767.67578125|#Level:Host|#hostname:venkatesh-MS-7A15,timestamp:1631603084
2021-09-14 12:34:44,341 - MemoryUsed.Megabytes:5534.9296875|#Level:Host|#hostname:venkatesh-MS-7A15,timestamp:1631603084
2021-09-14 12:34:44,341 - MemoryUtilization.Percent:38.9|#Level:Host|#hostname:venkatesh-MS-7A15,timestamp:1631603084
2021-09-14 12:35:44,384 - CPUUtilization.Percent:0.0|#Level:Host|#hostname:venkatesh-MS-7A15,timestamp:1631603144
2021-09-14 12:35:44,384 - DiskAvailable.Gigabytes:7.388587951660156|#Level:Host|#hostname:venkatesh-MS-7A15,timestamp:1631603144
2021-09-14 12:35:44,384 - DiskUsage.Gigabytes:96.07157897949219|#Level:Host|#hostname:venkatesh-MS-7A15,timestamp:1631603144
2021-09-14 12:35:44,384 - DiskUtilization.Percent:92.9|#Level:Host|#hostname:venkatesh-MS-7A15,timestamp:1631603144
2021-09-14 12:35:44,384 - MemoryAvailable.Megabytes:9822.9375|#Level:Host|#hostname:venkatesh-MS-7A15,timestamp:1631603144
2021-09-14 12:35:44,384 - MemoryUsed.Megabytes:5555.9765625|#Level:Host|#hostname:venkatesh-MS-7A15,timestamp:1631603144
2021-09-14 12:35:44,384 - MemoryUtilization.Percent:38.5|#Level:Host|#hostname:venkatesh-MS-7A15,timestamp:1631603144
2021-09-14 12:36:26,405 - Requests5XX.Count:1|#Level:Host|#hostname:venkatesh-MS-7A15,timestamp:null
2021-09-14 12:36:26,405 - WorkerThreadTime.ms:0|#Level:Host|#hostname:venkatesh-MS-7A15,timestamp:null
2021-09-14 12:36:37,924 - Requests5XX.Count:1|#Level:Host|#hostname:venkatesh-MS-7A15,timestamp:null
2021-09-14 12:36:37,925 - WorkerThreadTime.ms:2|#Level:Host|#hostname:venkatesh-MS-7A15,timestamp:null
2021-09-14 12:36:44,338 - CPUUtilization.Percent:0.0|#Level:Host|#hostname:venkatesh-MS-7A15,timestamp:1631603204
2021-09-14 12:36:44,339 - DiskAvailable.Gigabytes:7.384765625|#Level:Host|#hostname:venkatesh-MS-7A15,timestamp:1631603204
2021-09-14 12:36:44,339 - DiskUsage.Gigabytes:96.07540130615234|#Level:Host|#hostname:venkatesh-MS-7A15,timestamp:1631603204
2021-09-14 12:36:44,339 - DiskUtilization.Percent:92.9|#Level:Host|#hostname:venkatesh-MS-7A15,timestamp:1631603204
2021-09-14 12:36:44,339 - MemoryAvailable.Megabytes:9613.54296875|#Level:Host|#hostname:venkatesh-MS-7A15,timestamp:1631603204
2021-09-14 12:36:44,339 - MemoryUsed.Megabytes:5700.30078125|#Level:Host|#hostname:venkatesh-MS-7A15,timestamp:1631603204
2021-09-14 12:36:44,339 - MemoryUtilization.Percent:39.8|#Level:Host|#hostname:venkatesh-MS-7A15,timestamp:1631603204
2021-09-14 12:36:46,667 - Requests5XX.Count:1|#Level:Host|#hostname:venkatesh-MS-7A15,timestamp:null
2021-09-14 12:36:46,667 - WorkerThreadTime.ms:2|#Level:Host|#hostname:venkatesh-MS-7A15,timestamp:null
2021-09-14 12:37:44,342 - CPUUtilization.Percent:0.0|#Level:Host|#hostname:venkatesh-MS-7A15,timestamp:1631603264
2021-09-14 12:37:44,342 - DiskAvailable.Gigabytes:7.383586883544922|#Level:Host|#hostname:venkatesh-MS-7A15,timestamp:1631603264
2021-09-14 12:37:44,342 - DiskUsage.Gigabytes:96.07658004760742|#Level:Host|#hostname:venkatesh-MS-7A15,timestamp:1631603264
2021-09-14 12:37:44,342 - DiskUtilization.Percent:92.9|#Level:Host|#hostname:venkatesh-MS-7A15,timestamp:1631603264
2021-09-14 12:37:44,342 - MemoryAvailable.Megabytes:9496.6796875|#Level:Host|#hostname:venkatesh-MS-7A15,timestamp:1631603264
2021-09-14 12:37:44,342 - MemoryUsed.Megabytes:5723.875|#Level:Host|#hostname:venkatesh-MS-7A15,timestamp:1631603264
2021-09-14 12:37:44,342 - MemoryUtilization.Percent:40.6|#Level:Host|#hostname:venkatesh-MS-7A15,timestamp:1631603264
2021-09-14 12:37:44,647 - Requests5XX.Count:1|#Level:Host|#hostname:venkatesh-MS-7A15,timestamp:null
2021-09-14 12:37:44,647 - WorkerThreadTime.ms:2|#Level:Host|#hostname:venkatesh-MS-7A15,timestamp:null
2021-09-14 12:37:56,563 - Requests5XX.Count:1|#Level:Host|#hostname:venkatesh-MS-7A15,timestamp:null
2021-09-14 12:37:56,563 - WorkerThreadTime.ms:2|#Level:Host|#hostname:venkatesh-MS-7A15,timestamp:null
2021-09-14 12:38:44,382 - CPUUtilization.Percent:0.0|#Level:Host|#hostname:venkatesh-MS-7A15,timestamp:1631603324
2021-09-14 12:38:44,382 - DiskAvailable.Gigabytes:7.382099151611328|#Level:Host|#hostname:venkatesh-MS-7A15,timestamp:1631603324
2021-09-14 12:38:44,382 - DiskUsage.Gigabytes:96.07806777954102|#Level:Host|#hostname:venkatesh-MS-7A15,timestamp:1631603324
2021-09-14 12:38:44,382 - DiskUtilization.Percent:92.9|#Level:Host|#hostname:venkatesh-MS-7A15,timestamp:1631603324
2021-09-14 12:38:44,382 - MemoryAvailable.Megabytes:9538.53515625|#Level:Host|#hostname:venkatesh-MS-7A15,timestamp:1631603324
2021-09-14 12:38:44,382 - MemoryUsed.Megabytes:5685.0703125|#Level:Host|#hostname:venkatesh-MS-7A15,timestamp:1631603324
2021-09-14 12:38:44,382 - MemoryUtilization.Percent:40.3|#Level:Host|#hostname:venkatesh-MS-7A15,timestamp:1631603324
2021-09-14 12:39:44,381 - CPUUtilization.Percent:0.0|#Level:Host|#hostname:venkatesh-MS-7A15,timestamp:1631603384
2021-09-14 12:39:44,381 - DiskAvailable.Gigabytes:7.383495330810547|#Level:Host|#hostname:venkatesh-MS-7A15,timestamp:1631603384
2021-09-14 12:39:44,381 - DiskUsage.Gigabytes:96.0766716003418|#Level:Host|#hostname:venkatesh-MS-7A15,timestamp:1631603384
2021-09-14 12:39:44,381 - DiskUtilization.Percent:92.9|#Level:Host|#hostname:venkatesh-MS-7A15,timestamp:1631603384
2021-09-14 12:39:44,381 - MemoryAvailable.Megabytes:9627.33203125|#Level:Host|#hostname:venkatesh-MS-7A15,timestamp:1631603384
2021-09-14 12:39:44,381 - MemoryUsed.Megabytes:5570.34375|#Level:Host|#hostname:venkatesh-MS-7A15,timestamp:1631603384
2021-09-14 12:39:44,381 - MemoryUtilization.Percent:39.7|#Level:Host|#hostname:venkatesh-MS-7A15,timestamp:1631603384
2021-09-14 12:40:51,316 - CPUUtilization.Percent:0.0|#Level:Host|#hostname:venkatesh-MS-7A15,timestamp:1631603451
2021-09-14 12:40:51,316 - DiskAvailable.Gigabytes:7.360755920410156|#Level:Host|#hostname:venkatesh-MS-7A15,timestamp:1631603451
2021-09-14 12:40:51,316 - DiskUsage.Gigabytes:96.09941101074219|#Level:Host|#hostname:venkatesh-MS-7A15,timestamp:1631603451
2021-09-14 12:40:51,316 - DiskUtilization.Percent:92.9|#Level:Host|#hostname:venkatesh-MS-7A15,timestamp:1631603451
2021-09-14 12:40:51,316 - MemoryAvailable.Megabytes:11726.50390625|#Level:Host|#hostname:venkatesh-MS-7A15,timestamp:1631603451
2021-09-14 12:40:51,317 - MemoryUsed.Megabytes:3538.46875|#Level:Host|#hostname:venkatesh-MS-7A15,timestamp:1631603451
2021-09-14 12:40:51,317 - MemoryUtilization.Percent:26.6|#Level:Host|#hostname:venkatesh-MS-7A15,timestamp:1631603451
2021-09-14 12:40:53,439 - W-9000-yolov5m_1.0.ms:2374|#Level:Host|#hostname:venkatesh-MS-7A15,timestamp:1631603453
2021-09-14 12:40:53,439 - WorkerThreadTime.ms:18|#Level:Host|#hostname:venkatesh-MS-7A15,timestamp:null
2021-09-14 12:41:19,407 - Requests5XX.Count:1|#Level:Host|#hostname:venkatesh-MS-7A15,timestamp:null
2021-09-14 12:41:19,408 - WorkerThreadTime.ms:7|#Level:Host|#hostname:venkatesh-MS-7A15,timestamp:null
2021-09-14 12:41:38,003 - Requests5XX.Count:1|#Level:Host|#hostname:venkatesh-MS-7A15,timestamp:null
2021-09-14 12:41:38,004 - WorkerThreadTime.ms:1|#Level:Host|#hostname:venkatesh-MS-7A15,timestamp:null
2021-09-14 12:41:51,317 - CPUUtilization.Percent:0.0|#Level:Host|#hostname:venkatesh-MS-7A15,timestamp:1631603511
2021-09-14 12:41:51,317 - DiskAvailable.Gigabytes:7.370883941650391|#Level:Host|#hostname:venkatesh-MS-7A15,timestamp:1631603511
2021-09-14 12:41:51,317 - DiskUsage.Gigabytes:96.08928298950195|#Level:Host|#hostname:venkatesh-MS-7A15,timestamp:1631603511
2021-09-14 12:41:51,317 - DiskUtilization.Percent:92.9|#Level:Host|#hostname:venkatesh-MS-7A15,timestamp:1631603511
2021-09-14 12:41:51,317 - MemoryAvailable.Megabytes:9895.734375|#Level:Host|#hostname:venkatesh-MS-7A15,timestamp:1631603511
2021-09-14 12:41:51,317 - MemoryUsed.Megabytes:5359.21484375|#Level:Host|#hostname:venkatesh-MS-7A15,timestamp:1631603511
2021-09-14 12:41:51,317 - MemoryUtilization.Percent:38.1|#Level:Host|#hostname:venkatesh-MS-7A15,timestamp:1631603511
2021-09-14 12:42:51,314 - CPUUtilization.Percent:0.0|#Level:Host|#hostname:venkatesh-MS-7A15,timestamp:1631603571
2021-09-14 12:42:51,314 - DiskAvailable.Gigabytes:7.369575500488281|#Level:Host|#hostname:venkatesh-MS-7A15,timestamp:1631603571
2021-09-14 12:42:51,314 - DiskUsage.Gigabytes:96.09059143066406|#Level:Host|#hostname:venkatesh-MS-7A15,timestamp:1631603571
2021-09-14 12:42:51,315 - DiskUtilization.Percent:92.9|#Level:Host|#hostname:venkatesh-MS-7A15,timestamp:1631603571
2021-09-14 12:42:51,315 - MemoryAvailable.Megabytes:9637.984375|#Level:Host|#hostname:venkatesh-MS-7A15,timestamp:1631603571
2021-09-14 12:42:51,315 - MemoryUsed.Megabytes:5507.23046875|#Level:Host|#hostname:venkatesh-MS-7A15,timestamp:1631603571
2021-09-14 12:42:51,315 - MemoryUtilization.Percent:39.7|#Level:Host|#hostname:venkatesh-MS-7A15,timestamp:1631603571
2021-09-14 12:44:42,682 - CPUUtilization.Percent:0.0|#Level:Host|#hostname:venkatesh-MS-7A15,timestamp:1631603682
2021-09-14 12:44:42,682 - DiskAvailable.Gigabytes:7.347370147705078|#Level:Host|#hostname:venkatesh-MS-7A15,timestamp:1631603682
2021-09-14 12:44:42,682 - DiskUsage.Gigabytes:96.11279678344727|#Level:Host|#hostname:venkatesh-MS-7A15,timestamp:1631603682
2021-09-14 12:44:42,683 - DiskUtilization.Percent:92.9|#Level:Host|#hostname:venkatesh-MS-7A15,timestamp:1631603682
2021-09-14 12:44:42,683 - MemoryAvailable.Megabytes:11706.66796875|#Level:Host|#hostname:venkatesh-MS-7A15,timestamp:1631603682
2021-09-14 12:44:42,683 - MemoryUsed.Megabytes:3593.09765625|#Level:Host|#hostname:venkatesh-MS-7A15,timestamp:1631603682
2021-09-14 12:44:42,683 - MemoryUtilization.Percent:26.7|#Level:Host|#hostname:venkatesh-MS-7A15,timestamp:1631603682
2021-09-14 12:47:35,272 - CPUUtilization.Percent:0.0|#Level:Host|#hostname:venkatesh-MS-7A15,timestamp:1631603855
2021-09-14 12:47:35,272 - DiskAvailable.Gigabytes:7.324489593505859|#Level:Host|#hostname:venkatesh-MS-7A15,timestamp:1631603855
2021-09-14 12:47:35,273 - DiskUsage.Gigabytes:96.13567733764648|#Level:Host|#hostname:venkatesh-MS-7A15,timestamp:1631603855
2021-09-14 12:47:35,273 - DiskUtilization.Percent:92.9|#Level:Host|#hostname:venkatesh-MS-7A15,timestamp:1631603855
2021-09-14 12:47:35,273 - MemoryAvailable.Megabytes:11713.5859375|#Level:Host|#hostname:venkatesh-MS-7A15,timestamp:1631603855
2021-09-14 12:47:35,273 - MemoryUsed.Megabytes:3587.62890625|#Level:Host|#hostname:venkatesh-MS-7A15,timestamp:1631603855
2021-09-14 12:47:35,273 - MemoryUtilization.Percent:26.7|#Level:Host|#hostname:venkatesh-MS-7A15,timestamp:1631603855
2021-09-14 12:47:37,323 - W-9000-yolov5m_1.0.ms:2353|#Level:Host|#hostname:venkatesh-MS-7A15,timestamp:1631603857
2021-09-14 12:47:37,323 - WorkerThreadTime.ms:19|#Level:Host|#hostname:venkatesh-MS-7A15,timestamp:null
2021-09-14 12:48:35,262 - CPUUtilization.Percent:0.0|#Level:Host|#hostname:venkatesh-MS-7A15,timestamp:1631603915
2021-09-14 12:48:35,262 - DiskAvailable.Gigabytes:7.324409484863281|#Level:Host|#hostname:venkatesh-MS-7A15,timestamp:1631603915
2021-09-14 12:48:35,262 - DiskUsage.Gigabytes:96.13575744628906|#Level:Host|#hostname:venkatesh-MS-7A15,timestamp:1631603915
2021-09-14 12:48:35,262 - DiskUtilization.Percent:92.9|#Level:Host|#hostname:venkatesh-MS-7A15,timestamp:1631603915
2021-09-14 12:48:35,262 - MemoryAvailable.Megabytes:9952.859375|#Level:Host|#hostname:venkatesh-MS-7A15,timestamp:1631603915
2021-09-14 12:48:35,263 - MemoryUsed.Megabytes:5338.34765625|#Level:Host|#hostname:venkatesh-MS-7A15,timestamp:1631603915
2021-09-14 12:48:35,263 - MemoryUtilization.Percent:37.7|#Level:Host|#hostname:venkatesh-MS-7A15,timestamp:1631603915
2021-09-14 12:48:53,406 - Requests5XX.Count:1|#Level:Host|#hostname:venkatesh-MS-7A15,timestamp:null
2021-09-14 12:48:53,406 - WorkerThreadTime.ms:9|#Level:Host|#hostname:venkatesh-MS-7A15,timestamp:null
2021-09-14 12:49:34,572 - Requests5XX.Count:1|#Level:Host|#hostname:venkatesh-MS-7A15,timestamp:null
2021-09-14 12:49:34,572 - WorkerThreadTime.ms:1|#Level:Host|#hostname:venkatesh-MS-7A15,timestamp:null
2021-09-14 12:49:35,262 - CPUUtilization.Percent:0.0|#Level:Host|#hostname:venkatesh-MS-7A15,timestamp:1631603975
2021-09-14 12:49:35,262 - DiskAvailable.Gigabytes:7.324249267578125|#Level:Host|#hostname:venkatesh-MS-7A15,timestamp:1631603975
2021-09-14 12:49:35,262 - DiskUsage.Gigabytes:96.13591766357422|#Level:Host|#hostname:venkatesh-MS-7A15,timestamp:1631603975
2021-09-14 12:49:35,262 - DiskUtilization.Percent:92.9|#Level:Host|#hostname:venkatesh-MS-7A15,timestamp:1631603975
2021-09-14 12:49:35,262 - MemoryAvailable.Megabytes:9896.78125|#Level:Host|#hostname:venkatesh-MS-7A15,timestamp:1631603975
2021-09-14 12:49:35,262 - MemoryUsed.Megabytes:5394.4140625|#Level:Host|#hostname:venkatesh-MS-7A15,timestamp:1631603975
2021-09-14 12:49:35,262 - MemoryUtilization.Percent:38.0|#Level:Host|#hostname:venkatesh-MS-7A15,timestamp:1631603975
2021-09-14 12:50:35,271 - CPUUtilization.Percent:0.0|#Level:Host|#hostname:venkatesh-MS-7A15,timestamp:1631604035
2021-09-14 12:50:35,272 - DiskAvailable.Gigabytes:7.321441650390625|#Level:Host|#hostname:venkatesh-MS-7A15,timestamp:1631604035
2021-09-14 12:50:35,272 - DiskUsage.Gigabytes:96.13872528076172|#Level:Host|#hostname:venkatesh-MS-7A15,timestamp:1631604035
2021-09-14 12:50:35,272 - DiskUtilization.Percent:92.9|#Level:Host|#hostname:venkatesh-MS-7A15,timestamp:1631604035
2021-09-14 12:50:35,272 - MemoryAvailable.Megabytes:9547.703125|#Level:Host|#hostname:venkatesh-MS-7A15,timestamp:1631604035
2021-09-14 12:50:35,272 - MemoryUsed.Megabytes:5729.98046875|#Level:Host|#hostname:venkatesh-MS-7A15,timestamp:1631604035
2021-09-14 12:50:35,272 - MemoryUtilization.Percent:40.2|#Level:Host|#hostname:venkatesh-MS-7A15,timestamp:1631604035
2021-09-14 12:51:35,264 - CPUUtilization.Percent:0.0|#Level:Host|#hostname:venkatesh-MS-7A15,timestamp:1631604095
2021-09-14 12:51:35,264 - DiskAvailable.Gigabytes:7.322772979736328|#Level:Host|#hostname:venkatesh-MS-7A15,timestamp:1631604095
2021-09-14 12:51:35,264 - DiskUsage.Gigabytes:96.13739395141602|#Level:Host|#hostname:venkatesh-MS-7A15,timestamp:1631604095
2021-09-14 12:51:35,264 - DiskUtilization.Percent:92.9|#Level:Host|#hostname:venkatesh-MS-7A15,timestamp:1631604095
2021-09-14 12:51:35,264 - MemoryAvailable.Megabytes:9580.96875|#Level:Host|#hostname:venkatesh-MS-7A15,timestamp:1631604095
2021-09-14 12:51:35,264 - MemoryUsed.Megabytes:5689.890625|#Level:Host|#hostname:venkatesh-MS-7A15,timestamp:1631604095
2021-09-14 12:51:35,264 - MemoryUtilization.Percent:40.0|#Level:Host|#hostname:venkatesh-MS-7A15,timestamp:1631604095
2021-09-14 12:52:35,300 - CPUUtilization.Percent:0.0|#Level:Host|#hostname:venkatesh-MS-7A15,timestamp:1631604155
2021-09-14 12:52:35,301 - DiskAvailable.Gigabytes:7.3236846923828125|#Level:Host|#hostname:venkatesh-MS-7A15,timestamp:1631604155
2021-09-14 12:52:35,301 - DiskUsage.Gigabytes:96.13648223876953|#Level:Host|#hostname:venkatesh-MS-7A15,timestamp:1631604155
2021-09-14 12:52:35,301 - DiskUtilization.Percent:92.9|#Level:Host|#hostname:venkatesh-MS-7A15,timestamp:1631604155
2021-09-14 12:52:35,301 - MemoryAvailable.Megabytes:9372.62890625|#Level:Host|#hostname:venkatesh-MS-7A15,timestamp:1631604155
2021-09-14 12:52:35,301 - MemoryUsed.Megabytes:5685.703125|#Level:Host|#hostname:venkatesh-MS-7A15,timestamp:1631604155
2021-09-14 12:52:35,301 - MemoryUtilization.Percent:41.3|#Level:Host|#hostname:venkatesh-MS-7A15,timestamp:1631604155
2021-09-14 12:53:35,296 - CPUUtilization.Percent:0.0|#Level:Host|#hostname:venkatesh-MS-7A15,timestamp:1631604215
2021-09-14 12:53:35,296 - DiskAvailable.Gigabytes:7.323638916015625|#Level:Host|#hostname:venkatesh-MS-7A15,timestamp:1631604215
2021-09-14 12:53:35,296 - DiskUsage.Gigabytes:96.13652801513672|#Level:Host|#hostname:venkatesh-MS-7A15,timestamp:1631604215
2021-09-14 12:53:35,296 - DiskUtilization.Percent:92.9|#Level:Host|#hostname:venkatesh-MS-7A15,timestamp:1631604215
2021-09-14 12:53:35,296 - MemoryAvailable.Megabytes:9477.421875|#Level:Host|#hostname:venkatesh-MS-7A15,timestamp:1631604215
2021-09-14 12:53:35,296 - MemoryUsed.Megabytes:5648.41796875|#Level:Host|#hostname:venkatesh-MS-7A15,timestamp:1631604215
2021-09-14 12:53:35,296 - MemoryUtilization.Percent:40.7|#Level:Host|#hostname:venkatesh-MS-7A15,timestamp:1631604215
2021-09-14 12:55:30,965 - CPUUtilization.Percent:0.0|#Level:Host|#hostname:venkatesh-MS-7A15,timestamp:1631604330
2021-09-14 12:55:30,965 - DiskAvailable.Gigabytes:7.300750732421875|#Level:Host|#hostname:venkatesh-MS-7A15,timestamp:1631604330
2021-09-14 12:55:30,966 - DiskUsage.Gigabytes:96.15941619873047|#Level:Host|#hostname:venkatesh-MS-7A15,timestamp:1631604330
2021-09-14 12:55:30,966 - DiskUtilization.Percent:92.9|#Level:Host|#hostname:venkatesh-MS-7A15,timestamp:1631604330
2021-09-14 12:55:30,966 - MemoryAvailable.Megabytes:11341.11328125|#Level:Host|#hostname:venkatesh-MS-7A15,timestamp:1631604330
2021-09-14 12:55:30,966 - MemoryUsed.Megabytes:3794.72265625|#Level:Host|#hostname:venkatesh-MS-7A15,timestamp:1631604330
2021-09-14 12:55:30,966 - MemoryUtilization.Percent:29.0|#Level:Host|#hostname:venkatesh-MS-7A15,timestamp:1631604330
2021-09-14 12:55:33,068 - W-9000-yolov5m_1.0.ms:2389|#Level:Host|#hostname:venkatesh-MS-7A15,timestamp:1631604333
2021-09-14 12:55:33,069 - WorkerThreadTime.ms:20|#Level:Host|#hostname:venkatesh-MS-7A15,timestamp:null
2021-09-14 12:55:53,041 - Requests5XX.Count:1|#Level:Host|#hostname:venkatesh-MS-7A15,timestamp:null
2021-09-14 12:55:53,042 - WorkerThreadTime.ms:10|#Level:Host|#hostname:venkatesh-MS-7A15,timestamp:null
2021-09-14 12:56:02,358 - Requests5XX.Count:1|#Level:Host|#hostname:venkatesh-MS-7A15,timestamp:null
2021-09-14 12:56:02,358 - WorkerThreadTime.ms:1|#Level:Host|#hostname:venkatesh-MS-7A15,timestamp:null
2021-09-14 12:56:05,156 - Requests5XX.Count:1|#Level:Host|#hostname:venkatesh-MS-7A15,timestamp:null
2021-09-14 12:56:05,156 - WorkerThreadTime.ms:1|#Level:Host|#hostname:venkatesh-MS-7A15,timestamp:null
2021-09-14 12:56:06,053 - Requests5XX.Count:1|#Level:Host|#hostname:venkatesh-MS-7A15,timestamp:null
2021-09-14 12:56:06,054 - WorkerThreadTime.ms:1|#Level:Host|#hostname:venkatesh-MS-7A15,timestamp:null
2021-09-14 12:56:06,584 - Requests5XX.Count:1|#Level:Host|#hostname:venkatesh-MS-7A15,timestamp:null
2021-09-14 12:56:06,584 - WorkerThreadTime.ms:2|#Level:Host|#hostname:venkatesh-MS-7A15,timestamp:null
2021-09-14 12:56:06,825 - Requests5XX.Count:1|#Level:Host|#hostname:venkatesh-MS-7A15,timestamp:null
2021-09-14 12:56:06,825 - WorkerThreadTime.ms:1|#Level:Host|#hostname:venkatesh-MS-7A15,timestamp:null
2021-09-14 12:56:06,972 - Requests5XX.Count:1|#Level:Host|#hostname:venkatesh-MS-7A15,timestamp:null
2021-09-14 12:56:06,972 - WorkerThreadTime.ms:2|#Level:Host|#hostname:venkatesh-MS-7A15,timestamp:null
2021-09-14 12:56:07,445 - Requests5XX.Count:1|#Level:Host|#hostname:venkatesh-MS-7A15,timestamp:null
2021-09-14 12:56:07,445 - WorkerThreadTime.ms:2|#Level:Host|#hostname:venkatesh-MS-7A15,timestamp:null
2021-09-14 12:56:07,669 - Requests5XX.Count:1|#Level:Host|#hostname:venkatesh-MS-7A15,timestamp:null
2021-09-14 12:56:07,669 - WorkerThreadTime.ms:2|#Level:Host|#hostname:venkatesh-MS-7A15,timestamp:null
2021-09-14 12:56:07,870 - Requests5XX.Count:1|#Level:Host|#hostname:venkatesh-MS-7A15,timestamp:null
2021-09-14 12:56:07,870 - WorkerThreadTime.ms:1|#Level:Host|#hostname:venkatesh-MS-7A15,timestamp:null
2021-09-14 12:56:08,056 - Requests5XX.Count:1|#Level:Host|#hostname:venkatesh-MS-7A15,timestamp:null
2021-09-14 12:56:08,056 - WorkerThreadTime.ms:1|#Level:Host|#hostname:venkatesh-MS-7A15,timestamp:null
2021-09-14 12:56:30,960 - CPUUtilization.Percent:0.0|#Level:Host|#hostname:venkatesh-MS-7A15,timestamp:1631604390
2021-09-14 12:56:30,960 - DiskAvailable.Gigabytes:7.3003387451171875|#Level:Host|#hostname:venkatesh-MS-7A15,timestamp:1631604390
2021-09-14 12:56:30,960 - DiskUsage.Gigabytes:96.15982818603516|#Level:Host|#hostname:venkatesh-MS-7A15,timestamp:1631604390
2021-09-14 12:56:30,960 - DiskUtilization.Percent:92.9|#Level:Host|#hostname:venkatesh-MS-7A15,timestamp:1631604390
2021-09-14 12:56:30,960 - MemoryAvailable.Megabytes:9308.47265625|#Level:Host|#hostname:venkatesh-MS-7A15,timestamp:1631604390
2021-09-14 12:56:30,960 - MemoryUsed.Megabytes:5811.05078125|#Level:Host|#hostname:venkatesh-MS-7A15,timestamp:1631604390
2021-09-14 12:56:30,960 - MemoryUtilization.Percent:41.7|#Level:Host|#hostname:venkatesh-MS-7A15,timestamp:1631604390
2021-09-14 12:57:31,002 - CPUUtilization.Percent:0.0|#Level:Host|#hostname:venkatesh-MS-7A15,timestamp:1631604451
2021-09-14 12:57:31,002 - DiskAvailable.Gigabytes:7.300563812255859|#Level:Host|#hostname:venkatesh-MS-7A15,timestamp:1631604451
2021-09-14 12:57:31,002 - DiskUsage.Gigabytes:96.15960311889648|#Level:Host|#hostname:venkatesh-MS-7A15,timestamp:1631604451
2021-09-14 12:57:31,002 - DiskUtilization.Percent:92.9|#Level:Host|#hostname:venkatesh-MS-7A15,timestamp:1631604451
2021-09-14 12:57:31,002 - MemoryAvailable.Megabytes:9189.921875|#Level:Host|#hostname:venkatesh-MS-7A15,timestamp:1631604451
2021-09-14 12:57:31,002 - MemoryUsed.Megabytes:5909.8046875|#Level:Host|#hostname:venkatesh-MS-7A15,timestamp:1631604451
2021-09-14 12:57:31,002 - MemoryUtilization.Percent:42.5|#Level:Host|#hostname:venkatesh-MS-7A15,timestamp:1631604451
2021-09-14 12:58:30,961 - CPUUtilization.Percent:0.0|#Level:Host|#hostname:venkatesh-MS-7A15,timestamp:1631604510
2021-09-14 12:58:30,961 - DiskAvailable.Gigabytes:7.300506591796875|#Level:Host|#hostname:venkatesh-MS-7A15,timestamp:1631604510
2021-09-14 12:58:30,961 - DiskUsage.Gigabytes:96.15966033935547|#Level:Host|#hostname:venkatesh-MS-7A15,timestamp:1631604510
2021-09-14 12:58:30,961 - DiskUtilization.Percent:92.9|#Level:Host|#hostname:venkatesh-MS-7A15,timestamp:1631604510
2021-09-14 12:58:30,961 - MemoryAvailable.Megabytes:9172.95703125|#Level:Host|#hostname:venkatesh-MS-7A15,timestamp:1631604510
2021-09-14 12:58:30,961 - MemoryUsed.Megabytes:5926.765625|#Level:Host|#hostname:venkatesh-MS-7A15,timestamp:1631604510
2021-09-14 12:58:30,961 - MemoryUtilization.Percent:42.6|#Level:Host|#hostname:venkatesh-MS-7A15,timestamp:1631604510
2021-09-14 12:59:24,642 - Requests5XX.Count:1|#Level:Host|#hostname:venkatesh-MS-7A15,timestamp:null
2021-09-14 12:59:24,642 - WorkerThreadTime.ms:0|#Level:Host|#hostname:venkatesh-MS-7A15,timestamp:null
2021-09-14 12:59:30,005 - Requests5XX.Count:1|#Level:Host|#hostname:venkatesh-MS-7A15,timestamp:null
2021-09-14 12:59:30,005 - WorkerThreadTime.ms:1|#Level:Host|#hostname:venkatesh-MS-7A15,timestamp:null
2021-09-14 12:59:30,963 - CPUUtilization.Percent:0.0|#Level:Host|#hostname:venkatesh-MS-7A15,timestamp:1631604570
2021-09-14 12:59:30,963 - DiskAvailable.Gigabytes:7.300525665283203|#Level:Host|#hostname:venkatesh-MS-7A15,timestamp:1631604570
2021-09-14 12:59:30,963 - DiskUsage.Gigabytes:96.15964126586914|#Level:Host|#hostname:venkatesh-MS-7A15,timestamp:1631604570
2021-09-14 12:59:30,963 - DiskUtilization.Percent:92.9|#Level:Host|#hostname:venkatesh-MS-7A15,timestamp:1631604570
2021-09-14 12:59:30,963 - MemoryAvailable.Megabytes:9156.1796875|#Level:Host|#hostname:venkatesh-MS-7A15,timestamp:1631604570
2021-09-14 12:59:30,963 - MemoryUsed.Megabytes:5943.546875|#Level:Host|#hostname:venkatesh-MS-7A15,timestamp:1631604570
2021-09-14 12:59:30,963 - MemoryUtilization.Percent:42.7|#Level:Host|#hostname:venkatesh-MS-7A15,timestamp:1631604570
2021-09-14 13:01:55,386 - CPUUtilization.Percent:0.0|#Level:Host|#hostname:venkatesh-MS-7A15,timestamp:1631604715
2021-09-14 13:01:55,387 - DiskAvailable.Gigabytes:7.277767181396484|#Level:Host|#hostname:venkatesh-MS-7A15,timestamp:1631604715
2021-09-14 13:01:55,387 - DiskUsage.Gigabytes:96.18239974975586|#Level:Host|#hostname:venkatesh-MS-7A15,timestamp:1631604715
2021-09-14 13:01:55,387 - DiskUtilization.Percent:93.0|#Level:Host|#hostname:venkatesh-MS-7A15,timestamp:1631604715
2021-09-14 13:01:55,388 - MemoryAvailable.Megabytes:11321.7421875|#Level:Host|#hostname:venkatesh-MS-7A15,timestamp:1631604715
2021-09-14 13:01:55,388 - MemoryUsed.Megabytes:3813.96875|#Level:Host|#hostname:venkatesh-MS-7A15,timestamp:1631604715
2021-09-14 13:01:55,388 - MemoryUtilization.Percent:29.1|#Level:Host|#hostname:venkatesh-MS-7A15,timestamp:1631604715
2021-09-14 13:01:57,529 - W-9000-yolov5m_1.0.ms:2420|#Level:Host|#hostname:venkatesh-MS-7A15,timestamp:1631604717
2021-09-14 13:01:57,529 - WorkerThreadTime.ms:26|#Level:Host|#hostname:venkatesh-MS-7A15,timestamp:null
2021-09-14 13:03:45,316 - CPUUtilization.Percent:0.0|#Level:Host|#hostname:venkatesh-MS-7A15,timestamp:1631604825
2021-09-14 13:03:45,317 - DiskAvailable.Gigabytes:7.27880859375|#Level:Host|#hostname:venkatesh-MS-7A15,timestamp:1631604825
2021-09-14 13:03:45,317 - DiskUsage.Gigabytes:96.18135833740234|#Level:Host|#hostname:venkatesh-MS-7A15,timestamp:1631604825
2021-09-14 13:03:45,317 - DiskUtilization.Percent:93.0|#Level:Host|#hostname:venkatesh-MS-7A15,timestamp:1631604825
2021-09-14 13:03:45,317 - MemoryAvailable.Megabytes:11246.2734375|#Level:Host|#hostname:venkatesh-MS-7A15,timestamp:1631604825
2021-09-14 13:03:45,317 - MemoryUsed.Megabytes:3866.39453125|#Level:Host|#hostname:venkatesh-MS-7A15,timestamp:1631604825
2021-09-14 13:03:45,318 - MemoryUtilization.Percent:29.6|#Level:Host|#hostname:venkatesh-MS-7A15,timestamp:1631604825
2021-09-14 13:03:47,426 - W-9000-yolov5m_1.0.ms:2394|#Level:Host|#hostname:venkatesh-MS-7A15,timestamp:1631604827
2021-09-14 13:03:47,427 - WorkerThreadTime.ms:19|#Level:Host|#hostname:venkatesh-MS-7A15,timestamp:null
2021-09-14 13:04:45,317 - CPUUtilization.Percent:0.0|#Level:Host|#hostname:venkatesh-MS-7A15,timestamp:1631604885
2021-09-14 13:04:45,317 - DiskAvailable.Gigabytes:7.277751922607422|#Level:Host|#hostname:venkatesh-MS-7A15,timestamp:1631604885
2021-09-14 13:04:45,317 - DiskUsage.Gigabytes:96.18241500854492|#Level:Host|#hostname:venkatesh-MS-7A15,timestamp:1631604885
2021-09-14 13:04:45,317 - DiskUtilization.Percent:93.0|#Level:Host|#hostname:venkatesh-MS-7A15,timestamp:1631604885
2021-09-14 13:04:45,317 - MemoryAvailable.Megabytes:9269.20703125|#Level:Host|#hostname:venkatesh-MS-7A15,timestamp:1631604885
2021-09-14 13:04:45,318 - MemoryUsed.Megabytes:5993.18359375|#Level:Host|#hostname:venkatesh-MS-7A15,timestamp:1631604885
2021-09-14 13:04:45,318 - MemoryUtilization.Percent:42.0|#Level:Host|#hostname:venkatesh-MS-7A15,timestamp:1631604885
2021-09-14 13:05:06,769 - Requests5XX.Count:1|#Level:Host|#hostname:venkatesh-MS-7A15,timestamp:null
2021-09-14 13:05:06,770 - WorkerThreadTime.ms:8|#Level:Host|#hostname:venkatesh-MS-7A15,timestamp:null
2021-09-14 13:05:33,857 - Requests5XX.Count:1|#Level:Host|#hostname:venkatesh-MS-7A15,timestamp:null
2021-09-14 13:05:33,857 - WorkerThreadTime.ms:1|#Level:Host|#hostname:venkatesh-MS-7A15,timestamp:null
2021-09-14 13:05:45,359 - CPUUtilization.Percent:0.0|#Level:Host|#hostname:venkatesh-MS-7A15,timestamp:1631604945
2021-09-14 13:05:45,359 - DiskAvailable.Gigabytes:7.2776947021484375|#Level:Host|#hostname:venkatesh-MS-7A15,timestamp:1631604945
2021-09-14 13:05:45,359 - DiskUsage.Gigabytes:96.1824722290039|#Level:Host|#hostname:venkatesh-MS-7A15,timestamp:1631604945
2021-09-14 13:05:45,360 - DiskUtilization.Percent:93.0|#Level:Host|#hostname:venkatesh-MS-7A15,timestamp:1631604945
2021-09-14 13:05:45,360 - MemoryAvailable.Megabytes:9213.09375|#Level:Host|#hostname:venkatesh-MS-7A15,timestamp:1631604945
2021-09-14 13:05:45,360 - MemoryUsed.Megabytes:6023.87109375|#Level:Host|#hostname:venkatesh-MS-7A15,timestamp:1631604945
2021-09-14 13:05:45,360 - MemoryUtilization.Percent:42.3|#Level:Host|#hostname:venkatesh-MS-7A15,timestamp:1631604945
2021-09-14 13:06:45,317 - CPUUtilization.Percent:0.0|#Level:Host|#hostname:venkatesh-MS-7A15,timestamp:1631605005
2021-09-14 13:06:45,317 - DiskAvailable.Gigabytes:7.277118682861328|#Level:Host|#hostname:venkatesh-MS-7A15,timestamp:1631605005
2021-09-14 13:06:45,317 - DiskUsage.Gigabytes:96.18304824829102|#Level:Host|#hostname:venkatesh-MS-7A15,timestamp:1631605005
2021-09-14 13:06:45,317 - DiskUtilization.Percent:93.0|#Level:Host|#hostname:venkatesh-MS-7A15,timestamp:1631605005
2021-09-14 13:06:45,317 - MemoryAvailable.Megabytes:9807.16796875|#Level:Host|#hostname:venkatesh-MS-7A15,timestamp:1631605005
2021-09-14 13:06:45,318 - MemoryUsed.Megabytes:5443.11328125|#Level:Host|#hostname:venkatesh-MS-7A15,timestamp:1631605005
2021-09-14 13:06:45,318 - MemoryUtilization.Percent:38.6|#Level:Host|#hostname:venkatesh-MS-7A15,timestamp:1631605005
2021-09-14 13:07:45,316 - CPUUtilization.Percent:50.0|#Level:Host|#hostname:venkatesh-MS-7A15,timestamp:1631605065
2021-09-14 13:07:45,316 - DiskAvailable.Gigabytes:7.277305603027344|#Level:Host|#hostname:venkatesh-MS-7A15,timestamp:1631605065
2021-09-14 13:07:45,316 - DiskUsage.Gigabytes:96.182861328125|#Level:Host|#hostname:venkatesh-MS-7A15,timestamp:1631605065
2021-09-14 13:07:45,316 - DiskUtilization.Percent:93.0|#Level:Host|#hostname:venkatesh-MS-7A15,timestamp:1631605065
2021-09-14 13:07:45,316 - MemoryAvailable.Megabytes:9706.92578125|#Level:Host|#hostname:venkatesh-MS-7A15,timestamp:1631605065
2021-09-14 13:07:45,316 - MemoryUsed.Megabytes:5521.8515625|#Level:Host|#hostname:venkatesh-MS-7A15,timestamp:1631605065
2021-09-14 13:07:45,316 - MemoryUtilization.Percent:39.2|#Level:Host|#hostname:venkatesh-MS-7A15,timestamp:1631605065
2021-09-14 13:08:45,317 - CPUUtilization.Percent:0.0|#Level:Host|#hostname:venkatesh-MS-7A15,timestamp:1631605125
2021-09-14 13:08:45,317 - DiskAvailable.Gigabytes:7.277294158935547|#Level:Host|#hostname:venkatesh-MS-7A15,timestamp:1631605125
2021-09-14 13:08:45,317 - DiskUsage.Gigabytes:96.1828727722168|#Level:Host|#hostname:venkatesh-MS-7A15,timestamp:1631605125
2021-09-14 13:08:45,317 - DiskUtilization.Percent:93.0|#Level:Host|#hostname:venkatesh-MS-7A15,timestamp:1631605125
2021-09-14 13:08:45,317 - MemoryAvailable.Megabytes:9704.96484375|#Level:Host|#hostname:venkatesh-MS-7A15,timestamp:1631605125
2021-09-14 13:08:45,317 - MemoryUsed.Megabytes:5523.33203125|#Level:Host|#hostname:venkatesh-MS-7A15,timestamp:1631605125
2021-09-14 13:08:45,318 - MemoryUtilization.Percent:39.2|#Level:Host|#hostname:venkatesh-MS-7A15,timestamp:1631605125
2021-09-14 13:09:21,218 - CPUUtilization.Percent:0.0|#Level:Host|#hostname:venkatesh-MS-7A15,timestamp:1631605161
2021-09-14 13:09:21,219 - DiskAvailable.Gigabytes:7.256187438964844|#Level:Host|#hostname:venkatesh-MS-7A15,timestamp:1631605161
2021-09-14 13:09:21,219 - DiskUsage.Gigabytes:96.2039794921875|#Level:Host|#hostname:venkatesh-MS-7A15,timestamp:1631605161
2021-09-14 13:09:21,219 - DiskUtilization.Percent:93.0|#Level:Host|#hostname:venkatesh-MS-7A15,timestamp:1631605161
2021-09-14 13:09:21,219 - MemoryAvailable.Megabytes:11521.08984375|#Level:Host|#hostname:venkatesh-MS-7A15,timestamp:1631605161
2021-09-14 13:09:21,219 - MemoryUsed.Megabytes:3717.2109375|#Level:Host|#hostname:venkatesh-MS-7A15,timestamp:1631605161
2021-09-14 13:09:21,219 - MemoryUtilization.Percent:27.9|#Level:Host|#hostname:venkatesh-MS-7A15,timestamp:1631605161
2021-09-14 13:09:23,309 - W-9000-yolov5m_1.0.ms:2373|#Level:Host|#hostname:venkatesh-MS-7A15,timestamp:1631605163
2021-09-14 13:09:23,309 - WorkerThreadTime.ms:24|#Level:Host|#hostname:venkatesh-MS-7A15,timestamp:null
2021-09-14 13:09:34,946 - Requests5XX.Count:1|#Level:Host|#hostname:venkatesh-MS-7A15,timestamp:null
2021-09-14 13:09:34,947 - WorkerThreadTime.ms:8|#Level:Host|#hostname:venkatesh-MS-7A15,timestamp:null
2021-09-14 13:10:25,609 - CPUUtilization.Percent:0.0|#Level:Host|#hostname:venkatesh-MS-7A15,timestamp:1631605225
2021-09-14 13:10:25,609 - DiskAvailable.Gigabytes:7.2332763671875|#Level:Host|#hostname:venkatesh-MS-7A15,timestamp:1631605225
2021-09-14 13:10:25,609 - DiskUsage.Gigabytes:96.22689056396484|#Level:Host|#hostname:venkatesh-MS-7A15,timestamp:1631605225
2021-09-14 13:10:25,610 - DiskUtilization.Percent:93.0|#Level:Host|#hostname:venkatesh-MS-7A15,timestamp:1631605225
2021-09-14 13:10:25,610 - MemoryAvailable.Megabytes:11509.05859375|#Level:Host|#hostname:venkatesh-MS-7A15,timestamp:1631605225
2021-09-14 13:10:25,610 - MemoryUsed.Megabytes:3729.234375|#Level:Host|#hostname:venkatesh-MS-7A15,timestamp:1631605225
2021-09-14 13:10:25,610 - MemoryUtilization.Percent:28.0|#Level:Host|#hostname:venkatesh-MS-7A15,timestamp:1631605225
2021-09-14 13:11:18,118 - CPUUtilization.Percent:0.0|#Level:Host|#hostname:venkatesh-MS-7A15,timestamp:1631605278
2021-09-14 13:11:18,119 - DiskAvailable.Gigabytes:7.259788513183594|#Level:Host|#hostname:venkatesh-MS-7A15,timestamp:1631605278
2021-09-14 13:11:18,119 - DiskUsage.Gigabytes:96.20037841796875|#Level:Host|#hostname:venkatesh-MS-7A15,timestamp:1631605278
2021-09-14 13:11:18,119 - DiskUtilization.Percent:93.0|#Level:Host|#hostname:venkatesh-MS-7A15,timestamp:1631605278
2021-09-14 13:11:18,119 - MemoryAvailable.Megabytes:11702.43359375|#Level:Host|#hostname:venkatesh-MS-7A15,timestamp:1631605278
2021-09-14 13:11:18,119 - MemoryUsed.Megabytes:3535.86328125|#Level:Host|#hostname:venkatesh-MS-7A15,timestamp:1631605278
2021-09-14 13:11:18,119 - MemoryUtilization.Percent:26.7|#Level:Host|#hostname:venkatesh-MS-7A15,timestamp:1631605278
2021-09-14 13:11:34,093 - CPUUtilization.Percent:0.0|#Level:Host|#hostname:venkatesh-MS-7A15,timestamp:1631605294
2021-09-14 13:11:34,093 - DiskAvailable.Gigabytes:7.2098846435546875|#Level:Host|#hostname:venkatesh-MS-7A15,timestamp:1631605294
2021-09-14 13:11:34,093 - DiskUsage.Gigabytes:96.25028228759766|#Level:Host|#hostname:venkatesh-MS-7A15,timestamp:1631605294
2021-09-14 13:11:34,094 - DiskUtilization.Percent:93.0|#Level:Host|#hostname:venkatesh-MS-7A15,timestamp:1631605294
2021-09-14 13:11:34,094 - MemoryAvailable.Megabytes:11458.69921875|#Level:Host|#hostname:venkatesh-MS-7A15,timestamp:1631605294
2021-09-14 13:11:34,094 - MemoryUsed.Megabytes:3772.16796875|#Level:Host|#hostname:venkatesh-MS-7A15,timestamp:1631605294
2021-09-14 13:11:34,094 - MemoryUtilization.Percent:28.3|#Level:Host|#hostname:venkatesh-MS-7A15,timestamp:1631605294
2021-09-14 13:12:04,178 - CPUUtilization.Percent:0.0|#Level:Host|#hostname:venkatesh-MS-7A15,timestamp:1631605324
2021-09-14 13:12:04,178 - DiskAvailable.Gigabytes:7.187648773193359|#Level:Host|#hostname:venkatesh-MS-7A15,timestamp:1631605324
2021-09-14 13:12:04,178 - DiskUsage.Gigabytes:96.27251815795898|#Level:Host|#hostname:venkatesh-MS-7A15,timestamp:1631605324
2021-09-14 13:12:04,178 - DiskUtilization.Percent:93.1|#Level:Host|#hostname:venkatesh-MS-7A15,timestamp:1631605324
2021-09-14 13:12:04,179 - MemoryAvailable.Megabytes:11494.82421875|#Level:Host|#hostname:venkatesh-MS-7A15,timestamp:1631605324
2021-09-14 13:12:04,179 - MemoryUsed.Megabytes:3743.46875|#Level:Host|#hostname:venkatesh-MS-7A15,timestamp:1631605324
2021-09-14 13:12:04,179 - MemoryUtilization.Percent:28.0|#Level:Host|#hostname:venkatesh-MS-7A15,timestamp:1631605324
2021-09-14 13:12:52,440 - CPUUtilization.Percent:0.0|#Level:Host|#hostname:venkatesh-MS-7A15,timestamp:1631605372
2021-09-14 13:12:52,440 - DiskAvailable.Gigabytes:7.164806365966797|#Level:Host|#hostname:venkatesh-MS-7A15,timestamp:1631605372
2021-09-14 13:12:52,440 - DiskUsage.Gigabytes:96.29536056518555|#Level:Host|#hostname:venkatesh-MS-7A15,timestamp:1631605372
2021-09-14 13:12:52,440 - DiskUtilization.Percent:93.1|#Level:Host|#hostname:venkatesh-MS-7A15,timestamp:1631605372
2021-09-14 13:12:52,441 - MemoryAvailable.Megabytes:11487.10546875|#Level:Host|#hostname:venkatesh-MS-7A15,timestamp:1631605372
2021-09-14 13:12:52,441 - MemoryUsed.Megabytes:3751.1796875|#Level:Host|#hostname:venkatesh-MS-7A15,timestamp:1631605372
2021-09-14 13:12:52,441 - MemoryUtilization.Percent:28.1|#Level:Host|#hostname:venkatesh-MS-7A15,timestamp:1631605372
2021-09-14 13:12:54,533 - W-9000-yolov5m_1.0.ms:2368|#Level:Host|#hostname:venkatesh-MS-7A15,timestamp:1631605374
2021-09-14 13:12:54,534 - WorkerThreadTime.ms:20|#Level:Host|#hostname:venkatesh-MS-7A15,timestamp:null
2021-09-14 13:13:31,246 - CPUUtilization.Percent:0.0|#Level:Host|#hostname:venkatesh-MS-7A15,timestamp:1631605411
2021-09-14 13:13:31,246 - DiskAvailable.Gigabytes:7.142101287841797|#Level:Host|#hostname:venkatesh-MS-7A15,timestamp:1631605411
2021-09-14 13:13:31,246 - DiskUsage.Gigabytes:96.31806564331055|#Level:Host|#hostname:venkatesh-MS-7A15,timestamp:1631605411
2021-09-14 13:13:31,247 - DiskUtilization.Percent:93.1|#Level:Host|#hostname:venkatesh-MS-7A15,timestamp:1631605411
2021-09-14 13:13:31,247 - MemoryAvailable.Megabytes:11477.41015625|#Level:Host|#hostname:venkatesh-MS-7A15,timestamp:1631605411
2021-09-14 13:13:31,247 - MemoryUsed.Megabytes:3760.87890625|#Level:Host|#hostname:venkatesh-MS-7A15,timestamp:1631605411
2021-09-14 13:13:31,247 - MemoryUtilization.Percent:28.2|#Level:Host|#hostname:venkatesh-MS-7A15,timestamp:1631605411
2021-09-14 13:15:19,126 - CPUUtilization.Percent:0.0|#Level:Host|#hostname:venkatesh-MS-7A15,timestamp:1631605519
2021-09-14 13:15:19,127 - DiskAvailable.Gigabytes:7.1192474365234375|#Level:Host|#hostname:venkatesh-MS-7A15,timestamp:1631605519
2021-09-14 13:15:19,127 - DiskUsage.Gigabytes:96.3409194946289|#Level:Host|#hostname:venkatesh-MS-7A15,timestamp:1631605519
2021-09-14 13:15:19,127 - DiskUtilization.Percent:93.1|#Level:Host|#hostname:venkatesh-MS-7A15,timestamp:1631605519
2021-09-14 13:15:19,127 - MemoryAvailable.Megabytes:11574.5859375|#Level:Host|#hostname:venkatesh-MS-7A15,timestamp:1631605519
2021-09-14 13:15:19,128 - MemoryUsed.Megabytes:3663.703125|#Level:Host|#hostname:venkatesh-MS-7A15,timestamp:1631605519
2021-09-14 13:15:19,128 - MemoryUtilization.Percent:27.5|#Level:Host|#hostname:venkatesh-MS-7A15,timestamp:1631605519
2021-09-14 13:15:21,203 - W-9000-yolov5m_1.0.ms:2324|#Level:Host|#hostname:venkatesh-MS-7A15,timestamp:1631605521
2021-09-14 13:15:21,203 - WorkerThreadTime.ms:19|#Level:Host|#hostname:venkatesh-MS-7A15,timestamp:null
2021-09-14 13:15:40,847 - Requests2XX.Count:1|#Level:Host|#hostname:venkatesh-MS-7A15,timestamp:null
2021-09-14 13:15:40,848 - QueueTime.ms:0|#Level:Host|#hostname:venkatesh-MS-7A15,timestamp:null
2021-09-14 13:15:40,848 - WorkerThreadTime.ms:3|#Level:Host|#hostname:venkatesh-MS-7A15,timestamp:null
2021-09-14 13:15:59,832 - Requests5XX.Count:1|#Level:Host|#hostname:venkatesh-MS-7A15,timestamp:null
2021-09-14 13:15:59,832 - WorkerThreadTime.ms:4|#Level:Host|#hostname:venkatesh-MS-7A15,timestamp:null
2021-09-14 13:16:09,817 - Requests2XX.Count:1|#Level:Host|#hostname:venkatesh-MS-7A15,timestamp:null
2021-09-14 13:16:09,817 - QueueTime.ms:0|#Level:Host|#hostname:venkatesh-MS-7A15,timestamp:null
2021-09-14 13:16:09,817 - WorkerThreadTime.ms:1|#Level:Host|#hostname:venkatesh-MS-7A15,timestamp:null
2021-09-14 13:16:12,423 - Requests2XX.Count:1|#Level:Host|#hostname:venkatesh-MS-7A15,timestamp:null
2021-09-14 13:16:12,424 - QueueTime.ms:0|#Level:Host|#hostname:venkatesh-MS-7A15,timestamp:null
2021-09-14 13:16:12,424 - WorkerThreadTime.ms:1|#Level:Host|#hostname:venkatesh-MS-7A15,timestamp:null
2021-09-14 13:16:13,395 - Requests2XX.Count:1|#Level:Host|#hostname:venkatesh-MS-7A15,timestamp:null
2021-09-14 13:16:13,395 - QueueTime.ms:0|#Level:Host|#hostname:venkatesh-MS-7A15,timestamp:null
2021-09-14 13:16:13,395 - WorkerThreadTime.ms:0|#Level:Host|#hostname:venkatesh-MS-7A15,timestamp:null
2021-09-14 13:16:19,164 - CPUUtilization.Percent:0.0|#Level:Host|#hostname:venkatesh-MS-7A15,timestamp:1631605579
2021-09-14 13:16:19,164 - DiskAvailable.Gigabytes:7.118511199951172|#Level:Host|#hostname:venkatesh-MS-7A15,timestamp:1631605579
2021-09-14 13:16:19,164 - DiskUsage.Gigabytes:96.34165573120117|#Level:Host|#hostname:venkatesh-MS-7A15,timestamp:1631605579
2021-09-14 13:16:19,164 - DiskUtilization.Percent:93.1|#Level:Host|#hostname:venkatesh-MS-7A15,timestamp:1631605579
2021-09-14 13:16:19,164 - MemoryAvailable.Megabytes:9632.80859375|#Level:Host|#hostname:venkatesh-MS-7A15,timestamp:1631605579
2021-09-14 13:16:19,164 - MemoryUsed.Megabytes:5586.80859375|#Level:Host|#hostname:venkatesh-MS-7A15,timestamp:1631605579
2021-09-14 13:16:19,164 - MemoryUtilization.Percent:39.7|#Level:Host|#hostname:venkatesh-MS-7A15,timestamp:1631605579
2021-09-14 13:17:19,125 - CPUUtilization.Percent:0.0|#Level:Host|#hostname:venkatesh-MS-7A15,timestamp:1631605639
2021-09-14 13:17:19,125 - DiskAvailable.Gigabytes:7.1185150146484375|#Level:Host|#hostname:venkatesh-MS-7A15,timestamp:1631605639
2021-09-14 13:17:19,125 - DiskUsage.Gigabytes:96.3416519165039|#Level:Host|#hostname:venkatesh-MS-7A15,timestamp:1631605639
2021-09-14 13:17:19,125 - DiskUtilization.Percent:93.1|#Level:Host|#hostname:venkatesh-MS-7A15,timestamp:1631605639
2021-09-14 13:17:19,125 - MemoryAvailable.Megabytes:9647.44140625|#Level:Host|#hostname:venkatesh-MS-7A15,timestamp:1631605639
2021-09-14 13:17:19,126 - MemoryUsed.Megabytes:5578.84375|#Level:Host|#hostname:venkatesh-MS-7A15,timestamp:1631605639
2021-09-14 13:17:19,126 - MemoryUtilization.Percent:39.6|#Level:Host|#hostname:venkatesh-MS-7A15,timestamp:1631605639
2021-09-14 13:18:19,125 - CPUUtilization.Percent:0.0|#Level:Host|#hostname:venkatesh-MS-7A15,timestamp:1631605699
2021-09-14 13:18:19,125 - DiskAvailable.Gigabytes:7.1184844970703125|#Level:Host|#hostname:venkatesh-MS-7A15,timestamp:1631605699
2021-09-14 13:18:19,125 - DiskUsage.Gigabytes:96.34168243408203|#Level:Host|#hostname:venkatesh-MS-7A15,timestamp:1631605699
2021-09-14 13:18:19,125 - DiskUtilization.Percent:93.1|#Level:Host|#hostname:venkatesh-MS-7A15,timestamp:1631605699
2021-09-14 13:18:19,125 - MemoryAvailable.Megabytes:9638.5546875|#Level:Host|#hostname:venkatesh-MS-7A15,timestamp:1631605699
2021-09-14 13:18:19,125 - MemoryUsed.Megabytes:5584.7890625|#Level:Host|#hostname:venkatesh-MS-7A15,timestamp:1631605699
2021-09-14 13:18:19,125 - MemoryUtilization.Percent:39.7|#Level:Host|#hostname:venkatesh-MS-7A15,timestamp:1631605699
2021-09-14 13:19:19,127 - CPUUtilization.Percent:0.0|#Level:Host|#hostname:venkatesh-MS-7A15,timestamp:1631605759
2021-09-14 13:19:19,127 - DiskAvailable.Gigabytes:7.118461608886719|#Level:Host|#hostname:venkatesh-MS-7A15,timestamp:1631605759
2021-09-14 13:19:19,127 - DiskUsage.Gigabytes:96.34170532226562|#Level:Host|#hostname:venkatesh-MS-7A15,timestamp:1631605759
2021-09-14 13:19:19,127 - DiskUtilization.Percent:93.1|#Level:Host|#hostname:venkatesh-MS-7A15,timestamp:1631605759
2021-09-14 13:19:19,127 - MemoryAvailable.Megabytes:9587.8828125|#Level:Host|#hostname:venkatesh-MS-7A15,timestamp:1631605759
2021-09-14 13:19:19,127 - MemoryUsed.Megabytes:5635.4609375|#Level:Host|#hostname:venkatesh-MS-7A15,timestamp:1631605759
2021-09-14 13:19:19,127 - MemoryUtilization.Percent:40.0|#Level:Host|#hostname:venkatesh-MS-7A15,timestamp:1631605759
2021-09-14 13:19:36,100 - Requests2XX.Count:1|#Level:Host|#hostname:venkatesh-MS-7A15,timestamp:null
2021-09-14 13:19:36,100 - QueueTime.ms:0|#Level:Host|#hostname:venkatesh-MS-7A15,timestamp:null
2021-09-14 13:19:36,100 - WorkerThreadTime.ms:2|#Level:Host|#hostname:venkatesh-MS-7A15,timestamp:null
2021-09-14 13:19:38,230 - Requests2XX.Count:1|#Level:Host|#hostname:venkatesh-MS-7A15,timestamp:null
2021-09-14 13:19:38,230 - QueueTime.ms:0|#Level:Host|#hostname:venkatesh-MS-7A15,timestamp:null
2021-09-14 13:19:38,230 - WorkerThreadTime.ms:1|#Level:Host|#hostname:venkatesh-MS-7A15,timestamp:null
2021-09-14 13:19:38,551 - Requests2XX.Count:1|#Level:Host|#hostname:venkatesh-MS-7A15,timestamp:null
2021-09-14 13:19:38,551 - QueueTime.ms:0|#Level:Host|#hostname:venkatesh-MS-7A15,timestamp:null
2021-09-14 13:19:38,551 - WorkerThreadTime.ms:1|#Level:Host|#hostname:venkatesh-MS-7A15,timestamp:null
2021-09-14 13:19:38,683 - Requests2XX.Count:1|#Level:Host|#hostname:venkatesh-MS-7A15,timestamp:null
2021-09-14 13:19:38,683 - QueueTime.ms:0|#Level:Host|#hostname:venkatesh-MS-7A15,timestamp:null
2021-09-14 13:19:38,683 - WorkerThreadTime.ms:2|#Level:Host|#hostname:venkatesh-MS-7A15,timestamp:null
2021-09-14 13:19:38,891 - Requests2XX.Count:1|#Level:Host|#hostname:venkatesh-MS-7A15,timestamp:null
2021-09-14 13:19:38,891 - QueueTime.ms:0|#Level:Host|#hostname:venkatesh-MS-7A15,timestamp:null
2021-09-14 13:19:38,891 - WorkerThreadTime.ms:1|#Level:Host|#hostname:venkatesh-MS-7A15,timestamp:null
2021-09-14 13:19:39,047 - Requests2XX.Count:1|#Level:Host|#hostname:venkatesh-MS-7A15,timestamp:null
2021-09-14 13:19:39,048 - QueueTime.ms:0|#Level:Host|#hostname:venkatesh-MS-7A15,timestamp:null
2021-09-14 13:19:39,048 - WorkerThreadTime.ms:2|#Level:Host|#hostname:venkatesh-MS-7A15,timestamp:null
2021-09-14 13:19:39,128 - Requests2XX.Count:1|#Level:Host|#hostname:venkatesh-MS-7A15,timestamp:null
2021-09-14 13:19:39,128 - QueueTime.ms:0|#Level:Host|#hostname:venkatesh-MS-7A15,timestamp:null
2021-09-14 13:19:39,128 - WorkerThreadTime.ms:1|#Level:Host|#hostname:venkatesh-MS-7A15,timestamp:null
2021-09-14 13:19:39,296 - Requests2XX.Count:1|#Level:Host|#hostname:venkatesh-MS-7A15,timestamp:null
2021-09-14 13:19:39,296 - QueueTime.ms:0|#Level:Host|#hostname:venkatesh-MS-7A15,timestamp:null
2021-09-14 13:19:39,296 - WorkerThreadTime.ms:2|#Level:Host|#hostname:venkatesh-MS-7A15,timestamp:null
2021-09-14 13:19:39,356 - Requests2XX.Count:1|#Level:Host|#hostname:venkatesh-MS-7A15,timestamp:null
2021-09-14 13:19:39,356 - QueueTime.ms:0|#Level:Host|#hostname:venkatesh-MS-7A15,timestamp:null
2021-09-14 13:19:39,356 - WorkerThreadTime.ms:1|#Level:Host|#hostname:venkatesh-MS-7A15,timestamp:null
2021-09-14 13:19:39,579 - Requests2XX.Count:1|#Level:Host|#hostname:venkatesh-MS-7A15,timestamp:null
2021-09-14 13:19:39,579 - QueueTime.ms:0|#Level:Host|#hostname:venkatesh-MS-7A15,timestamp:null
2021-09-14 13:19:39,579 - WorkerThreadTime.ms:1|#Level:Host|#hostname:venkatesh-MS-7A15,timestamp:null
2021-09-14 13:19:39,619 - Requests2XX.Count:1|#Level:Host|#hostname:venkatesh-MS-7A15,timestamp:null
2021-09-14 13:19:39,620 - QueueTime.ms:0|#Level:Host|#hostname:venkatesh-MS-7A15,timestamp:null
2021-09-14 13:19:39,620 - WorkerThreadTime.ms:2|#Level:Host|#hostname:venkatesh-MS-7A15,timestamp:null
2021-09-14 13:19:57,893 - Requests2XX.Count:1|#Level:Host|#hostname:venkatesh-MS-7A15,timestamp:null
2021-09-14 13:19:57,893 - QueueTime.ms:0|#Level:Host|#hostname:venkatesh-MS-7A15,timestamp:null
2021-09-14 13:19:57,893 - WorkerThreadTime.ms:1|#Level:Host|#hostname:venkatesh-MS-7A15,timestamp:null
2021-09-14 13:19:59,534 - Requests2XX.Count:1|#Level:Host|#hostname:venkatesh-MS-7A15,timestamp:null
2021-09-14 13:19:59,534 - QueueTime.ms:0|#Level:Host|#hostname:venkatesh-MS-7A15,timestamp:null
2021-09-14 13:19:59,534 - WorkerThreadTime.ms:1|#Level:Host|#hostname:venkatesh-MS-7A15,timestamp:null
2021-09-14 13:19:59,954 - Requests2XX.Count:1|#Level:Host|#hostname:venkatesh-MS-7A15,timestamp:null
2021-09-14 13:19:59,954 - QueueTime.ms:0|#Level:Host|#hostname:venkatesh-MS-7A15,timestamp:null
2021-09-14 13:19:59,954 - WorkerThreadTime.ms:2|#Level:Host|#hostname:venkatesh-MS-7A15,timestamp:null
2021-09-14 13:20:00,143 - Requests2XX.Count:1|#Level:Host|#hostname:venkatesh-MS-7A15,timestamp:null
2021-09-14 13:20:00,144 - QueueTime.ms:0|#Level:Host|#hostname:venkatesh-MS-7A15,timestamp:null
2021-09-14 13:20:00,144 - WorkerThreadTime.ms:3|#Level:Host|#hostname:venkatesh-MS-7A15,timestamp:null
2021-09-14 13:20:00,299 - Requests2XX.Count:1|#Level:Host|#hostname:venkatesh-MS-7A15,timestamp:null
2021-09-14 13:20:00,299 - QueueTime.ms:0|#Level:Host|#hostname:venkatesh-MS-7A15,timestamp:null
2021-09-14 13:20:00,299 - WorkerThreadTime.ms:2|#Level:Host|#hostname:venkatesh-MS-7A15,timestamp:null
2021-09-14 13:20:09,765 - Requests2XX.Count:1|#Level:Host|#hostname:venkatesh-MS-7A15,timestamp:null
2021-09-14 13:20:09,765 - QueueTime.ms:0|#Level:Host|#hostname:venkatesh-MS-7A15,timestamp:null
2021-09-14 13:20:09,765 - WorkerThreadTime.ms:0|#Level:Host|#hostname:venkatesh-MS-7A15,timestamp:null
2021-09-14 13:20:19,122 - CPUUtilization.Percent:0.0|#Level:Host|#hostname:venkatesh-MS-7A15,timestamp:1631605819
2021-09-14 13:20:19,123 - DiskAvailable.Gigabytes:7.118412017822266|#Level:Host|#hostname:venkatesh-MS-7A15,timestamp:1631605819
2021-09-14 13:20:19,123 - DiskUsage.Gigabytes:96.34175491333008|#Level:Host|#hostname:venkatesh-MS-7A15,timestamp:1631605819
2021-09-14 13:20:19,123 - DiskUtilization.Percent:93.1|#Level:Host|#hostname:venkatesh-MS-7A15,timestamp:1631605819
2021-09-14 13:20:19,123 - MemoryAvailable.Megabytes:9500.43359375|#Level:Host|#hostname:venkatesh-MS-7A15,timestamp:1631605819
2021-09-14 13:20:19,123 - MemoryUsed.Megabytes:5722.9140625|#Level:Host|#hostname:venkatesh-MS-7A15,timestamp:1631605819
2021-09-14 13:20:19,123 - MemoryUtilization.Percent:40.5|#Level:Host|#hostname:venkatesh-MS-7A15,timestamp:1631605819
2021-09-14 13:20:19,736 - Requests2XX.Count:1|#Level:Host|#hostname:venkatesh-MS-7A15,timestamp:null
2021-09-14 13:20:19,736 - QueueTime.ms:0|#Level:Host|#hostname:venkatesh-MS-7A15,timestamp:null
2021-09-14 13:20:19,736 - WorkerThreadTime.ms:1|#Level:Host|#hostname:venkatesh-MS-7A15,timestamp:null
2021-09-14 13:20:26,161 - Requests2XX.Count:1|#Level:Host|#hostname:venkatesh-MS-7A15,timestamp:null
2021-09-14 13:20:26,161 - QueueTime.ms:0|#Level:Host|#hostname:venkatesh-MS-7A15,timestamp:null
2021-09-14 13:20:26,161 - WorkerThreadTime.ms:1|#Level:Host|#hostname:venkatesh-MS-7A15,timestamp:null
2021-09-14 13:21:19,139 - CPUUtilization.Percent:0.0|#Level:Host|#hostname:venkatesh-MS-7A15,timestamp:1631605879
2021-09-14 13:21:19,139 - DiskAvailable.Gigabytes:7.118320465087891|#Level:Host|#hostname:venkatesh-MS-7A15,timestamp:1631605879
2021-09-14 13:21:19,139 - DiskUsage.Gigabytes:96.34184646606445|#Level:Host|#hostname:venkatesh-MS-7A15,timestamp:1631605879
2021-09-14 13:21:19,139 - DiskUtilization.Percent:93.1|#Level:Host|#hostname:venkatesh-MS-7A15,timestamp:1631605879
2021-09-14 13:21:19,139 - MemoryAvailable.Megabytes:9460.3203125|#Level:Host|#hostname:venkatesh-MS-7A15,timestamp:1631605879
2021-09-14 13:21:19,139 - MemoryUsed.Megabytes:5756.328125|#Level:Host|#hostname:venkatesh-MS-7A15,timestamp:1631605879
2021-09-14 13:21:19,139 - MemoryUtilization.Percent:40.8|#Level:Host|#hostname:venkatesh-MS-7A15,timestamp:1631605879
2021-09-14 13:22:19,141 - CPUUtilization.Percent:0.0|#Level:Host|#hostname:venkatesh-MS-7A15,timestamp:1631605939
2021-09-14 13:22:19,141 - DiskAvailable.Gigabytes:7.117012023925781|#Level:Host|#hostname:venkatesh-MS-7A15,timestamp:1631605939
2021-09-14 13:22:19,141 - DiskUsage.Gigabytes:96.34315490722656|#Level:Host|#hostname:venkatesh-MS-7A15,timestamp:1631605939
2021-09-14 13:22:19,141 - DiskUtilization.Percent:93.1|#Level:Host|#hostname:venkatesh-MS-7A15,timestamp:1631605939
2021-09-14 13:22:19,142 - MemoryAvailable.Megabytes:9083.71875|#Level:Host|#hostname:venkatesh-MS-7A15,timestamp:1631605939
2021-09-14 13:22:19,142 - MemoryUsed.Megabytes:5956.6171875|#Level:Host|#hostname:venkatesh-MS-7A15,timestamp:1631605939
2021-09-14 13:22:19,142 - MemoryUtilization.Percent:43.1|#Level:Host|#hostname:venkatesh-MS-7A15,timestamp:1631605939
2021-09-14 13:23:19,168 - CPUUtilization.Percent:0.0|#Level:Host|#hostname:venkatesh-MS-7A15,timestamp:1631605999
2021-09-14 13:23:19,168 - DiskAvailable.Gigabytes:7.116748809814453|#Level:Host|#hostname:venkatesh-MS-7A15,timestamp:1631605999
2021-09-14 13:23:19,168 - DiskUsage.Gigabytes:96.34341812133789|#Level:Host|#hostname:venkatesh-MS-7A15,timestamp:1631605999
2021-09-14 13:23:19,168 - DiskUtilization.Percent:93.1|#Level:Host|#hostname:venkatesh-MS-7A15,timestamp:1631605999
2021-09-14 13:23:19,168 - MemoryAvailable.Megabytes:9320.21484375|#Level:Host|#hostname:venkatesh-MS-7A15,timestamp:1631605999
2021-09-14 13:23:19,168 - MemoryUsed.Megabytes:5735.91796875|#Level:Host|#hostname:venkatesh-MS-7A15,timestamp:1631605999
2021-09-14 13:23:19,168 - MemoryUtilization.Percent:41.7|#Level:Host|#hostname:venkatesh-MS-7A15,timestamp:1631605999
2021-09-14 13:30:16,373 - CPUUtilization.Percent:0.0|#Level:Host|#hostname:venkatesh-MS-7A15,timestamp:1631606416
2021-09-14 13:30:16,373 - DiskAvailable.Gigabytes:7.116542816162109|#Level:Host|#hostname:venkatesh-MS-7A15,timestamp:1631606416
2021-09-14 13:30:16,373 - DiskUsage.Gigabytes:96.34362411499023|#Level:Host|#hostname:venkatesh-MS-7A15,timestamp:1631606416
2021-09-14 13:30:16,374 - DiskUtilization.Percent:93.1|#Level:Host|#hostname:venkatesh-MS-7A15,timestamp:1631606416
2021-09-14 13:30:16,374 - MemoryAvailable.Megabytes:11419.7421875|#Level:Host|#hostname:venkatesh-MS-7A15,timestamp:1631606416
2021-09-14 13:30:16,374 - MemoryUsed.Megabytes:3648.39453125|#Level:Host|#hostname:venkatesh-MS-7A15,timestamp:1631606416
2021-09-14 13:30:16,374 - MemoryUtilization.Percent:28.5|#Level:Host|#hostname:venkatesh-MS-7A15,timestamp:1631606416
2021-09-14 13:30:18,479 - W-9000-yolov5m_1.0.ms:2364|#Level:Host|#hostname:venkatesh-MS-7A15,timestamp:1631606418
2021-09-14 13:30:18,479 - WorkerThreadTime.ms:19|#Level:Host|#hostname:venkatesh-MS-7A15,timestamp:null
2021-09-14 13:30:24,770 - Requests2XX.Count:1|#Level:Host|#hostname:venkatesh-MS-7A15,timestamp:null
2021-09-14 13:30:24,770 - QueueTime.ms:0|#Level:Host|#hostname:venkatesh-MS-7A15,timestamp:null
2021-09-14 13:30:24,770 - WorkerThreadTime.ms:1|#Level:Host|#hostname:venkatesh-MS-7A15,timestamp:null
2021-09-14 13:30:45,685 - Requests2XX.Count:1|#Level:Host|#hostname:venkatesh-MS-7A15,timestamp:null
2021-09-14 13:30:45,685 - QueueTime.ms:0|#Level:Host|#hostname:venkatesh-MS-7A15,timestamp:null
2021-09-14 13:30:45,685 - WorkerThreadTime.ms:0|#Level:Host|#hostname:venkatesh-MS-7A15,timestamp:null
2021-09-14 13:31:04,584 - Requests5XX.Count:1|#Level:Host|#hostname:venkatesh-MS-7A15,timestamp:null
2021-09-14 13:31:07,960 - W-9000-yolov5m_1.0.ms:51845|#Level:Host|#hostname:venkatesh-MS-7A15,timestamp:1631606467
2021-09-14 13:31:07,960 - WorkerThreadTime.ms:10|#Level:Host|#hostname:venkatesh-MS-7A15,timestamp:null
2021-09-14 13:31:16,412 - CPUUtilization.Percent:66.7|#Level:Host|#hostname:venkatesh-MS-7A15,timestamp:1631606476
2021-09-14 13:31:16,412 - DiskAvailable.Gigabytes:7.116142272949219|#Level:Host|#hostname:venkatesh-MS-7A15,timestamp:1631606476
2021-09-14 13:31:16,412 - DiskUsage.Gigabytes:96.34402465820312|#Level:Host|#hostname:venkatesh-MS-7A15,timestamp:1631606476
2021-09-14 13:31:16,412 - DiskUtilization.Percent:93.1|#Level:Host|#hostname:venkatesh-MS-7A15,timestamp:1631606476
2021-09-14 13:31:16,412 - MemoryAvailable.Megabytes:9536.203125|#Level:Host|#hostname:venkatesh-MS-7A15,timestamp:1631606476
2021-09-14 13:31:16,412 - MemoryUsed.Megabytes:5514.6640625|#Level:Host|#hostname:venkatesh-MS-7A15,timestamp:1631606476
2021-09-14 13:31:16,412 - MemoryUtilization.Percent:40.3|#Level:Host|#hostname:venkatesh-MS-7A15,timestamp:1631606476
2021-09-14 13:31:20,333 - Requests5XX.Count:1|#Level:Host|#hostname:venkatesh-MS-7A15,timestamp:null
2021-09-14 13:31:23,688 - W-9000-yolov5m_1.0.ms:67573|#Level:Host|#hostname:venkatesh-MS-7A15,timestamp:1631606483
2021-09-14 13:31:23,688 - WorkerThreadTime.ms:9|#Level:Host|#hostname:venkatesh-MS-7A15,timestamp:null
2021-09-14 13:31:28,934 - Requests2XX.Count:1|#Level:Host|#hostname:venkatesh-MS-7A15,timestamp:null
2021-09-14 13:31:28,934 - QueueTime.ms:0|#Level:Host|#hostname:venkatesh-MS-7A15,timestamp:null
2021-09-14 13:31:28,934 - WorkerThreadTime.ms:1|#Level:Host|#hostname:venkatesh-MS-7A15,timestamp:null
2021-09-14 13:32:01,876 - Requests5XX.Count:1|#Level:Host|#hostname:venkatesh-MS-7A15,timestamp:null
2021-09-14 13:32:05,218 - W-9000-yolov5m_1.0.ms:109103|#Level:Host|#hostname:venkatesh-MS-7A15,timestamp:1631606525
2021-09-14 13:32:05,218 - WorkerThreadTime.ms:10|#Level:Host|#hostname:venkatesh-MS-7A15,timestamp:null
2021-09-14 13:32:16,371 - CPUUtilization.Percent:0.0|#Level:Host|#hostname:venkatesh-MS-7A15,timestamp:1631606536
2021-09-14 13:32:16,371 - DiskAvailable.Gigabytes:7.115730285644531|#Level:Host|#hostname:venkatesh-MS-7A15,timestamp:1631606536
2021-09-14 13:32:16,371 - DiskUsage.Gigabytes:96.34443664550781|#Level:Host|#hostname:venkatesh-MS-7A15,timestamp:1631606536
2021-09-14 13:32:16,371 - DiskUtilization.Percent:93.1|#Level:Host|#hostname:venkatesh-MS-7A15,timestamp:1631606536
2021-09-14 13:32:16,371 - MemoryAvailable.Megabytes:9424.5|#Level:Host|#hostname:venkatesh-MS-7A15,timestamp:1631606536
2021-09-14 13:32:16,371 - MemoryUsed.Megabytes:5626.37890625|#Level:Host|#hostname:venkatesh-MS-7A15,timestamp:1631606536
2021-09-14 13:32:16,372 - MemoryUtilization.Percent:41.0|#Level:Host|#hostname:venkatesh-MS-7A15,timestamp:1631606536
2021-09-14 13:32:25,524 - Requests2XX.Count:1|#Level:Host|#hostname:venkatesh-MS-7A15,timestamp:null
2021-09-14 13:32:25,524 - QueueTime.ms:0|#Level:Host|#hostname:venkatesh-MS-7A15,timestamp:null
2021-09-14 13:32:25,524 - WorkerThreadTime.ms:1|#Level:Host|#hostname:venkatesh-MS-7A15,timestamp:null
2021-09-14 13:32:36,515 - Requests2XX.Count:1|#Level:Host|#hostname:venkatesh-MS-7A15,timestamp:null
2021-09-14 13:32:36,515 - QueueTime.ms:0|#Level:Host|#hostname:venkatesh-MS-7A15,timestamp:null
2021-09-14 13:32:36,515 - WorkerThreadTime.ms:1|#Level:Host|#hostname:venkatesh-MS-7A15,timestamp:null
2021-09-14 13:37:30,241 - CPUUtilization.Percent:0.0|#Level:Host|#hostname:venkatesh-MS-7A15,timestamp:1631606850
2021-09-14 13:37:30,241 - DiskAvailable.Gigabytes:7.0952606201171875|#Level:Host|#hostname:venkatesh-MS-7A15,timestamp:1631606850
2021-09-14 13:37:30,242 - DiskUsage.Gigabytes:96.36490631103516|#Level:Host|#hostname:venkatesh-MS-7A15,timestamp:1631606850
2021-09-14 13:37:30,242 - DiskUtilization.Percent:93.1|#Level:Host|#hostname:venkatesh-MS-7A15,timestamp:1631606850
2021-09-14 13:37:30,242 - MemoryAvailable.Megabytes:11526.3671875|#Level:Host|#hostname:venkatesh-MS-7A15,timestamp:1631606850
2021-09-14 13:37:30,242 - MemoryUsed.Megabytes:3615.0078125|#Level:Host|#hostname:venkatesh-MS-7A15,timestamp:1631606850
2021-09-14 13:37:30,242 - MemoryUtilization.Percent:27.8|#Level:Host|#hostname:venkatesh-MS-7A15,timestamp:1631606850
2021-09-14 13:37:32,333 - W-9000-yolov5m_1.0.ms:2336|#Level:Host|#hostname:venkatesh-MS-7A15,timestamp:1631606852
2021-09-14 13:37:32,333 - WorkerThreadTime.ms:21|#Level:Host|#hostname:venkatesh-MS-7A15,timestamp:null
2021-09-14 13:37:43,721 - Requests2XX.Count:1|#Level:Host|#hostname:venkatesh-MS-7A15,timestamp:null
2021-09-14 13:37:43,721 - QueueTime.ms:0|#Level:Host|#hostname:venkatesh-MS-7A15,timestamp:null
2021-09-14 13:37:43,721 - WorkerThreadTime.ms:2|#Level:Host|#hostname:venkatesh-MS-7A15,timestamp:null
